2025-05-29 12:54:49,744: Finished backprop iter 0 in 2.72 seconds.
2025-05-29 12:54:49,745: Loss: 226.75. <p_g> 0.04 <p_x> 0.00 <x_gen> 72.99 <x_g> 72.99 <x_p> 73.50 <g> 0.00 <reg_g> 4.29 <reg_p> 2.95
2025-05-29 12:54:49,745: Accuracy: <p> 1.88% <g> 3.12% <gt> 3.12%
2025-05-29 12:54:49,751: Parameters: <max_hebb> 0.00 <eta> 0.00 <lambda> 0.00 <p2g_scale_offset> 0.88
2025-05-29 12:54:49,751: Weights:[0.0005, 5.9601461011058844e-05, 1.0, 1.0, 1.0, 0.0005, 0.00999999975, 0.019995000000000002]
2025-05-29 12:54:49,751:  
2025-05-29 12:55:32,920: Finished backprop iter 10 in 4.53 seconds.
2025-05-29 12:55:32,924: Loss: 228.75. <p_g> 0.02 <p_x> 0.01 <x_gen> 76.17 <x_g> 76.17 <x_p> 75.55 <g> 0.00 <reg_g> 0.26 <reg_p> 0.57
2025-05-29 12:55:32,933: Accuracy: <p> 4.38% <g> 1.56% <gt> 1.56%
2025-05-29 12:55:32,938: Parameters: <max_hebb> 0.00 <eta> 0.00 <lambda> 0.05 <p2g_scale_offset> 0.88
2025-05-29 12:55:32,938: Weights:[0.0055, 0.0006850434700307903, 1.0, 1.0, 1.0, 0.0055, 0.00999999725, 0.019945]
2025-05-29 12:55:32,938:  
2025-05-29 12:56:12,077: Finished backprop iter 20 in 3.73 seconds.
2025-05-29 12:56:12,077: Loss: 226.72. <p_g> 0.11 <p_x> 0.03 <x_gen> 76.32 <x_g> 76.32 <x_p> 72.39 <g> 0.00 <reg_g> 0.71 <reg_p> 0.85
2025-05-29 12:56:12,077: Accuracy: <p> 20.62% <g> 1.88% <gt> 1.88%
2025-05-29 12:56:12,084: Parameters: <max_hebb> 0.00 <eta> 0.00 <lambda> 0.10 <p2g_scale_offset> 0.87
2025-05-29 12:56:12,085: Weights:[0.0105, 0.0013661389808114779, 1.0, 1.0, 1.0, 0.0105, 0.00999999475, 0.019895]
2025-05-29 12:56:12,085:  
2025-05-29 12:56:53,092: Finished backprop iter 30 in 3.37 seconds.
2025-05-29 12:56:53,092: Loss: 223.82. <p_g> 0.42 <p_x> 0.05 <x_gen> 77.18 <x_g> 77.18 <x_p> 66.36 <g> 0.00 <reg_g> 1.03 <reg_p> 1.61
2025-05-29 12:56:53,092: Accuracy: <p> 24.38% <g> 0.94% <gt> 0.94%
2025-05-29 12:56:53,097: Parameters: <max_hebb> 0.00 <eta> 0.00 <lambda> 0.15 <p2g_scale_offset> 0.86
2025-05-29 12:56:53,098: Weights:[0.0155, 0.0021060299036409604, 1.0, 1.0, 1.0, 0.0155, 0.00999999225, 0.019844999999999998]
2025-05-29 12:56:53,098:  
2025-05-29 12:57:23,061: Finished backprop iter 40 in 3.48 seconds.
2025-05-29 12:57:23,062: Loss: 204.25. <p_g> 1.37 <p_x> 0.10 <x_gen> 75.00 <x_g> 75.00 <x_p> 46.45 <g> 0.00 <reg_g> 2.81 <reg_p> 3.51
2025-05-29 12:57:23,062: Accuracy: <p> 57.50% <g> 4.69% <gt> 4.69%
2025-05-29 12:57:23,067: Parameters: <max_hebb> 0.00 <eta> 0.00 <lambda> 0.20 <p2g_scale_offset> 0.86
2025-05-29 12:57:23,068: Weights:[0.0205, 0.0029079468304599983, 1.0, 1.0, 1.0, 0.0205, 0.00999998975, 0.019795]
2025-05-29 12:57:23,068:  
2025-05-29 12:57:54,508: Finished backprop iter 50 in 3.56 seconds.
2025-05-29 12:57:54,508: Loss: 195.68. <p_g> 2.00 <p_x> 0.14 <x_gen> 76.54 <x_g> 76.54 <x_p> 32.07 <g> 0.00 <reg_g> 3.97 <reg_p> 4.41
2025-05-29 12:57:54,508: Accuracy: <p> 84.38% <g> 2.50% <gt> 2.50%
2025-05-29 12:57:54,514: Parameters: <max_hebb> 0.00 <eta> 0.00 <lambda> 0.25 <p2g_scale_offset> 0.85
2025-05-29 12:57:54,514: Weights:[0.0255, 0.00377520354980808, 1.0, 1.0, 1.0, 0.0255, 0.00999998725, 0.019745]
2025-05-29 12:57:54,514:  
2025-05-29 12:57:58,415: Iteration 52: new walk of length 4920 for batch entry 12
2025-05-29 12:58:27,023: Finished backprop iter 60 in 3.31 seconds.
2025-05-29 12:58:27,023: Loss: 181.41. <p_g> 2.55 <p_x> 0.17 <x_gen> 73.75 <x_g> 73.75 <x_p> 22.25 <g> 0.00 <reg_g> 3.92 <reg_p> 5.03
2025-05-29 12:58:27,023: Accuracy: <p> 95.62% <g> 8.44% <gt> 8.44%
2025-05-29 12:58:27,030: Parameters: <max_hebb> 0.00 <eta> 0.00 <lambda> 0.30 <p2g_scale_offset> 0.85
2025-05-29 12:58:27,030: Weights:[0.0305, 0.00471119058504781, 1.0, 1.0, 1.0, 0.0305, 0.009999984750000001, 0.019695]
2025-05-29 12:58:27,030:  
2025-05-29 12:58:30,974: Iteration 62: new walk of length 5700 for batch entry 1
