2025-05-29 13:00:11,476: Finished backprop iter 0 in 2.82 seconds.
2025-05-29 13:00:11,477: Loss: 226.75. <p_g> 0.04 <p_x> 0.00 <x_gen> 72.99 <x_g> 72.99 <x_p> 73.50 <g> 0.00 <reg_g> 4.29 <reg_p> 2.95
2025-05-29 13:00:11,477: Accuracy: <p> 1.88% <g> 3.12% <gt> 3.12%
2025-05-29 13:00:11,483: Parameters: <max_hebb> 0.00 <eta> 0.00 <lambda> 0.00 <p2g_scale_offset> 0.88
2025-05-29 13:00:11,484: Weights:[0.0005, 5.9601461011058844e-05, 1.0, 1.0, 1.0, 0.0005, 0.00999999975, 0.019995000000000002]
2025-05-29 13:00:11,484:  
2025-05-29 13:00:54,875: Finished backprop iter 10 in 4.31 seconds.
2025-05-29 13:00:54,876: Loss: 228.75. <p_g> 0.02 <p_x> 0.01 <x_gen> 76.17 <x_g> 76.17 <x_p> 75.55 <g> 0.00 <reg_g> 0.26 <reg_p> 0.57
2025-05-29 13:00:54,877: Accuracy: <p> 4.38% <g> 1.56% <gt> 1.56%
2025-05-29 13:00:54,883: Parameters: <max_hebb> 0.00 <eta> 0.00 <lambda> 0.05 <p2g_scale_offset> 0.88
2025-05-29 13:00:54,883: Weights:[0.0055, 0.0006850434700307903, 1.0, 1.0, 1.0, 0.0055, 0.00999999725, 0.019945]
2025-05-29 13:00:54,883:  
2025-05-29 13:01:34,045: Finished backprop iter 20 in 4.85 seconds.
2025-05-29 13:01:34,046: Loss: 226.72. <p_g> 0.11 <p_x> 0.03 <x_gen> 76.32 <x_g> 76.32 <x_p> 72.39 <g> 0.00 <reg_g> 0.71 <reg_p> 0.85
2025-05-29 13:01:34,046: Accuracy: <p> 20.62% <g> 1.88% <gt> 1.88%
2025-05-29 13:01:34,053: Parameters: <max_hebb> 0.00 <eta> 0.00 <lambda> 0.10 <p2g_scale_offset> 0.87
2025-05-29 13:01:34,053: Weights:[0.0105, 0.0013661389808114779, 1.0, 1.0, 1.0, 0.0105, 0.00999999475, 0.019895]
2025-05-29 13:01:34,053:  
2025-05-29 13:02:16,526: Finished backprop iter 30 in 3.96 seconds.
2025-05-29 13:02:16,526: Loss: 223.82. <p_g> 0.42 <p_x> 0.05 <x_gen> 77.18 <x_g> 77.18 <x_p> 66.36 <g> 0.00 <reg_g> 1.03 <reg_p> 1.61
2025-05-29 13:02:16,526: Accuracy: <p> 24.38% <g> 0.94% <gt> 0.94%
2025-05-29 13:02:16,532: Parameters: <max_hebb> 0.00 <eta> 0.00 <lambda> 0.15 <p2g_scale_offset> 0.86
2025-05-29 13:02:16,533: Weights:[0.0155, 0.0021060299036409604, 1.0, 1.0, 1.0, 0.0155, 0.00999999225, 0.019844999999999998]
2025-05-29 13:02:16,533:  
2025-05-29 13:02:51,217: Finished backprop iter 40 in 2.92 seconds.
2025-05-29 13:02:51,217: Loss: 204.25. <p_g> 1.37 <p_x> 0.10 <x_gen> 75.00 <x_g> 75.00 <x_p> 46.45 <g> 0.00 <reg_g> 2.81 <reg_p> 3.51
2025-05-29 13:02:51,217: Accuracy: <p> 57.50% <g> 4.69% <gt> 4.69%
2025-05-29 13:02:51,221: Parameters: <max_hebb> 0.00 <eta> 0.00 <lambda> 0.20 <p2g_scale_offset> 0.86
2025-05-29 13:02:51,221: Weights:[0.0205, 0.0029079468304599983, 1.0, 1.0, 1.0, 0.0205, 0.00999998975, 0.019795]
2025-05-29 13:02:51,221:  
2025-05-29 13:03:20,434: Finished backprop iter 50 in 2.74 seconds.
2025-05-29 13:03:20,434: Loss: 195.68. <p_g> 2.00 <p_x> 0.14 <x_gen> 76.54 <x_g> 76.54 <x_p> 32.07 <g> 0.00 <reg_g> 3.97 <reg_p> 4.41
2025-05-29 13:03:20,434: Accuracy: <p> 84.38% <g> 2.50% <gt> 2.50%
2025-05-29 13:03:20,440: Parameters: <max_hebb> 0.00 <eta> 0.00 <lambda> 0.25 <p2g_scale_offset> 0.85
2025-05-29 13:03:20,441: Weights:[0.0255, 0.00377520354980808, 1.0, 1.0, 1.0, 0.0255, 0.00999998725, 0.019745]
2025-05-29 13:03:20,441:  
2025-05-29 13:03:23,306: Iteration 52: new walk of length 2600 for batch entry 12
2025-05-29 13:03:49,594: Finished backprop iter 60 in 2.82 seconds.
2025-05-29 13:03:49,595: Loss: 181.41. <p_g> 2.55 <p_x> 0.17 <x_gen> 73.75 <x_g> 73.75 <x_p> 22.25 <g> 0.00 <reg_g> 3.92 <reg_p> 5.03
2025-05-29 13:03:49,595: Accuracy: <p> 95.62% <g> 8.44% <gt> 8.44%
2025-05-29 13:03:49,600: Parameters: <max_hebb> 0.00 <eta> 0.00 <lambda> 0.30 <p2g_scale_offset> 0.85
2025-05-29 13:03:49,600: Weights:[0.0305, 0.00471119058504781, 1.0, 1.0, 1.0, 0.0305, 0.009999984750000001, 0.019695]
2025-05-29 13:03:49,600:  
2025-05-29 13:03:53,420: Iteration 62: new walk of length 3160 for batch entry 1
2025-05-29 13:04:25,726: Finished backprop iter 70 in 2.80 seconds.
2025-05-29 13:04:25,727: Loss: 173.20. <p_g> 2.59 <p_x> 0.22 <x_gen> 73.50 <x_g> 73.50 <x_p> 15.69 <g> 0.00 <reg_g> 3.47 <reg_p> 4.24
2025-05-29 13:04:25,727: Accuracy: <p> 96.88% <g> 15.62% <gt> 15.62%
2025-05-29 13:04:25,733: Parameters: <max_hebb> 0.00 <eta> 0.00 <lambda> 0.35 <p2g_scale_offset> 0.84
2025-05-29 13:04:25,733: Weights:[0.0355, 0.005719367709968777, 1.0, 1.0, 1.0, 0.0355, 0.009999982250000001, 0.019645]
2025-05-29 13:04:25,733:  
2025-05-29 13:04:39,677: Iteration 74: new walk of length 2600 for batch entry 11
2025-05-29 13:05:02,535: Finished backprop iter 80 in 3.25 seconds.
2025-05-29 13:05:02,536: Loss: 166.77. <p_g> 2.85 <p_x> 0.26 <x_gen> 73.03 <x_g> 73.03 <x_p> 10.02 <g> 0.00 <reg_g> 3.37 <reg_p> 4.20
2025-05-29 13:05:02,536: Accuracy: <p> 100.00% <g> 14.06% <gt> 14.06%
2025-05-29 13:05:02,544: Parameters: <max_hebb> 0.00 <eta> 0.00 <lambda> 0.40 <p2g_scale_offset> 0.83
2025-05-29 13:05:02,545: Weights:[0.0405, 0.00680325540207606, 1.0, 1.0, 1.0, 0.0405, 0.00999997975, 0.019595]
2025-05-29 13:05:02,546:  
2025-05-29 13:05:21,605: Iteration 88: new walk of length 1360 for batch entry 15
2025-05-29 13:05:28,949: Finished backprop iter 90 in 2.38 seconds.
2025-05-29 13:05:28,949: Loss: 161.18. <p_g> 3.11 <p_x> 0.30 <x_gen> 72.00 <x_g> 72.00 <x_p> 6.81 <g> 0.00 <reg_g> 2.80 <reg_p> 4.15
2025-05-29 13:05:28,949: Accuracy: <p> 100.00% <g> 16.56% <gt> 16.56%
2025-05-29 13:05:28,953: Parameters: <max_hebb> 0.00 <eta> 0.00 <lambda> 0.45 <p2g_scale_offset> 0.82
2025-05-29 13:05:28,954: Weights:[0.0455, 0.007966425201463812, 1.0, 1.0, 1.0, 0.0455, 0.00999997725, 0.019545]
2025-05-29 13:05:28,954:  
2025-05-29 13:05:34,136: Iteration 93: new walk of length 1360 for batch entry 4
